Performing C SOURCE FILE Test LIBOMP_HAVE_MMIC_FLAG failed with the following output:
Change Dir: /Volumes/data/WorkSpace/py/tf_server/tensorflow/opencl/openmp/CMakeFiles/CMakeTmp

Run Build Command:"/usr/local/opt/make/bin/gmake" "cmTC_9258b/fast"
/usr/local/opt/make/bin/gmake -f CMakeFiles/cmTC_9258b.dir/build.make CMakeFiles/cmTC_9258b.dir/build
gmake[1]: Entering directory '/Volumes/data/WorkSpace/py/tf_server/tensorflow/opencl/openmp/CMakeFiles/CMakeTmp'
Building C object CMakeFiles/cmTC_9258b.dir/src.c.o
/Applications/Xcode.app/Contents/Developer/Toolchains/XcodeDefault.xctoolchain/usr/bin/cc   -fomit-frame-pointer -funroll-loops  -ffast-math -Ofast -fno-signed-zeros -ffp-contract=fast -mmmx -msse -flto -DLIBOMP_HAVE_MMIC_FLAG -mmic -isysroot /Applications/Xcode.app/Contents/Developer/Platforms/MacOSX.platform/Developer/SDKs/MacOSX10.12.sdk -mmacosx-version-min=10.12.6   -mmic -o CMakeFiles/cmTC_9258b.dir/src.c.o   -c /Volumes/data/WorkSpace/py/tf_server/tensorflow/opencl/openmp/CMakeFiles/CMakeTmp/src.c
clang: error: unknown argument: '-mmic'
clang: error: unknown argument: '-mmic'
gmake[1]: *** [CMakeFiles/cmTC_9258b.dir/build.make:66: CMakeFiles/cmTC_9258b.dir/src.c.o] Error 1
gmake[1]: Leaving directory '/Volumes/data/WorkSpace/py/tf_server/tensorflow/opencl/openmp/CMakeFiles/CMakeTmp'
gmake: *** [Makefile:126: cmTC_9258b/fast] Error 2

Source file was:
int main(void) { return 0; }
Performing C SOURCE FILE Test LIBOMP_HAVE_M32_FLAG failed with the following output:
Change Dir: /Volumes/data/WorkSpace/py/tf_server/tensorflow/opencl/openmp/CMakeFiles/CMakeTmp

Run Build Command:"/usr/local/opt/make/bin/gmake" "cmTC_bb8ce/fast"
/usr/local/opt/make/bin/gmake -f CMakeFiles/cmTC_bb8ce.dir/build.make CMakeFiles/cmTC_bb8ce.dir/build
gmake[1]: Entering directory '/Volumes/data/WorkSpace/py/tf_server/tensorflow/opencl/openmp/CMakeFiles/CMakeTmp'
Building C object CMakeFiles/cmTC_bb8ce.dir/src.c.o
/Applications/Xcode.app/Contents/Developer/Toolchains/XcodeDefault.xctoolchain/usr/bin/cc   -fomit-frame-pointer -funroll-loops  -ffast-math -Ofast -fno-signed-zeros -ffp-contract=fast -mmmx -msse -flto -DLIBOMP_HAVE_M32_FLAG -m32 -isysroot /Applications/Xcode.app/Contents/Developer/Platforms/MacOSX.platform/Developer/SDKs/MacOSX10.12.sdk -mmacosx-version-min=10.12.6   -m32 -o CMakeFiles/cmTC_bb8ce.dir/src.c.o   -c /Volumes/data/WorkSpace/py/tf_server/tensorflow/opencl/openmp/CMakeFiles/CMakeTmp/src.c
Linking C executable cmTC_bb8ce
/usr/local/Cellar/cmake/3.9.1/bin/cmake -E cmake_link_script CMakeFiles/cmTC_bb8ce.dir/link.txt --verbose=1
/Applications/Xcode.app/Contents/Developer/Toolchains/XcodeDefault.xctoolchain/usr/bin/cc -fomit-frame-pointer -funroll-loops  -ffast-math -Ofast -fno-signed-zeros -ffp-contract=fast -mmmx -msse -flto -DLIBOMP_HAVE_M32_FLAG -m32 -isysroot /Applications/Xcode.app/Contents/Developer/Platforms/MacOSX.platform/Developer/SDKs/MacOSX10.12.sdk -mmacosx-version-min=10.12.6 -Wl,-search_paths_first -Wl,-headerpad_max_install_names -L/usr/local/opt/openblas/lib -L/usr/local/opt/llvm/lib -L/usr/local/opt/readline/lib -L/usr/local/opt/openssl@1.1/lib  CMakeFiles/cmTC_bb8ce.dir/src.c.o  -o cmTC_bb8ce 
ld: in '/usr/local/opt/llvm/lib/libunwind.dylib', file was built for x86_64 which is not the architecture being linked (i386): /usr/local/opt/llvm/lib/libunwind.dylib for architecture i386
clang: error: linker command failed with exit code 1 (use -v to see invocation)
gmake[1]: *** [CMakeFiles/cmTC_bb8ce.dir/build.make:98: cmTC_bb8ce] Error 1
gmake[1]: Leaving directory '/Volumes/data/WorkSpace/py/tf_server/tensorflow/opencl/openmp/CMakeFiles/CMakeTmp'
gmake: *** [Makefile:126: cmTC_bb8ce/fast] Error 2

Source file was:
int main(void) { return 0; }
Performing C SOURCE FILE Test LIBOMP_HAVE_VERSION_SYMBOLS failed with the following output:
Change Dir: /Volumes/data/WorkSpace/py/tf_server/tensorflow/opencl/openmp/CMakeFiles/CMakeTmp

Run Build Command:"/usr/local/opt/make/bin/gmake" "cmTC_254ab/fast"
/usr/local/opt/make/bin/gmake -f CMakeFiles/cmTC_254ab.dir/build.make CMakeFiles/cmTC_254ab.dir/build
gmake[1]: Entering directory '/Volumes/data/WorkSpace/py/tf_server/tensorflow/opencl/openmp/CMakeFiles/CMakeTmp'
Building C object CMakeFiles/cmTC_254ab.dir/src.c.o
/Applications/Xcode.app/Contents/Developer/Toolchains/XcodeDefault.xctoolchain/usr/bin/cc   -fomit-frame-pointer -funroll-loops  -ffast-math -Ofast -fno-signed-zeros -ffp-contract=fast -mmmx -msse -flto -DLIBOMP_HAVE_VERSION_SYMBOLS -Wl,--version-script=/Volumes/data/WorkSpace/py/tf_server/tensorflow/opencl/openmp/runtime/__version_script.txt -isysroot /Applications/Xcode.app/Contents/Developer/Platforms/MacOSX.platform/Developer/SDKs/MacOSX10.12.sdk -mmacosx-version-min=10.12.6   -o CMakeFiles/cmTC_254ab.dir/src.c.o   -c /Volumes/data/WorkSpace/py/tf_server/tensorflow/opencl/openmp/CMakeFiles/CMakeTmp/src.c
clang: warning: -Wl,--version-script=/Volumes/data/WorkSpace/py/tf_server/tensorflow/opencl/openmp/runtime/__version_script.txt: 'linker' input unused [-Wunused-command-line-argument]
Linking C executable cmTC_254ab
/usr/local/Cellar/cmake/3.9.1/bin/cmake -E cmake_link_script CMakeFiles/cmTC_254ab.dir/link.txt --verbose=1
/Applications/Xcode.app/Contents/Developer/Toolchains/XcodeDefault.xctoolchain/usr/bin/cc -fomit-frame-pointer -funroll-loops  -ffast-math -Ofast -fno-signed-zeros -ffp-contract=fast -mmmx -msse -flto -DLIBOMP_HAVE_VERSION_SYMBOLS -Wl,--version-script=/Volumes/data/WorkSpace/py/tf_server/tensorflow/opencl/openmp/runtime/__version_script.txt -isysroot /Applications/Xcode.app/Contents/Developer/Platforms/MacOSX.platform/Developer/SDKs/MacOSX10.12.sdk -mmacosx-version-min=10.12.6 -Wl,-search_paths_first -Wl,-headerpad_max_install_names -L/usr/local/opt/openblas/lib -L/usr/local/opt/llvm/lib -L/usr/local/opt/readline/lib -L/usr/local/opt/openssl@1.1/lib  CMakeFiles/cmTC_254ab.dir/src.c.o  -o cmTC_254ab 
ld: unknown option: --version-script=/Volumes/data/WorkSpace/py/tf_server/tensorflow/opencl/openmp/runtime/__version_script.txt
clang: error: linker command failed with exit code 1 (use -v to see invocation)
gmake[1]: *** [CMakeFiles/cmTC_254ab.dir/build.make:98: cmTC_254ab] Error 1
gmake[1]: Leaving directory '/Volumes/data/WorkSpace/py/tf_server/tensorflow/opencl/openmp/CMakeFiles/CMakeTmp'
gmake: *** [Makefile:126: cmTC_254ab/fast] Error 2

Source file was:
#include <stdio.h>
    void func1() { printf("Hello"); }
    void func2() { printf("World"); }
    __asm__(".symver func1, func@VER1");
    __asm__(".symver func2, func@VER2");
    int main() {
      func1();
      func2();
      return 0;
    }
Determining if files windows.h;psapi.h exist failed with the following output:
Change Dir: /Volumes/data/WorkSpace/py/tf_server/tensorflow/opencl/openmp/CMakeFiles/CMakeTmp

Run Build Command:"/usr/local/opt/make/bin/gmake" "cmTC_3abec/fast"
/usr/local/opt/make/bin/gmake -f CMakeFiles/cmTC_3abec.dir/build.make CMakeFiles/cmTC_3abec.dir/build
gmake[1]: Entering directory '/Volumes/data/WorkSpace/py/tf_server/tensorflow/opencl/openmp/CMakeFiles/CMakeTmp'
Building C object CMakeFiles/cmTC_3abec.dir/CheckIncludeFiles.c.o
/Applications/Xcode.app/Contents/Developer/Toolchains/XcodeDefault.xctoolchain/usr/bin/cc   -fomit-frame-pointer -funroll-loops  -ffast-math -Ofast -fno-signed-zeros -ffp-contract=fast -mmmx -msse -flto  -isysroot /Applications/Xcode.app/Contents/Developer/Platforms/MacOSX.platform/Developer/SDKs/MacOSX10.12.sdk -mmacosx-version-min=10.12.6   -o CMakeFiles/cmTC_3abec.dir/CheckIncludeFiles.c.o   -c /Volumes/data/WorkSpace/py/tf_server/tensorflow/opencl/openmp/CMakeFiles/CMakeTmp/CheckIncludeFiles.c
/Volumes/data/WorkSpace/py/tf_server/tensorflow/opencl/openmp/CMakeFiles/CMakeTmp/CheckIncludeFiles.c:2:10: fatal error: 'windows.h' file not found
#include <windows.h>
         ^
1 error generated.
gmake[1]: *** [CMakeFiles/cmTC_3abec.dir/build.make:66: CMakeFiles/cmTC_3abec.dir/CheckIncludeFiles.c.o] Error 1
gmake[1]: Leaving directory '/Volumes/data/WorkSpace/py/tf_server/tensorflow/opencl/openmp/CMakeFiles/CMakeTmp'
gmake: *** [Makefile:126: cmTC_3abec/fast] Error 2

Source:
/* */
#include <windows.h>
#include <psapi.h>


int main(void){return 0;}

Determining if the function EnumProcessModules exists in the psapi failed with the following output:
Change Dir: /Volumes/data/WorkSpace/py/tf_server/tensorflow/opencl/openmp/CMakeFiles/CMakeTmp

Run Build Command:"/usr/local/opt/make/bin/gmake" "cmTC_49d08/fast"
/usr/local/opt/make/bin/gmake -f CMakeFiles/cmTC_49d08.dir/build.make CMakeFiles/cmTC_49d08.dir/build
gmake[1]: Entering directory '/Volumes/data/WorkSpace/py/tf_server/tensorflow/opencl/openmp/CMakeFiles/CMakeTmp'
Building C object CMakeFiles/cmTC_49d08.dir/CheckFunctionExists.c.o
/Applications/Xcode.app/Contents/Developer/Toolchains/XcodeDefault.xctoolchain/usr/bin/cc   -fomit-frame-pointer -funroll-loops  -ffast-math -Ofast -fno-signed-zeros -ffp-contract=fast -mmmx -msse -flto -DCHECK_FUNCTION_EXISTS=EnumProcessModules -isysroot /Applications/Xcode.app/Contents/Developer/Platforms/MacOSX.platform/Developer/SDKs/MacOSX10.12.sdk -mmacosx-version-min=10.12.6   -o CMakeFiles/cmTC_49d08.dir/CheckFunctionExists.c.o   -c /usr/local/Cellar/cmake/3.9.1/share/cmake/Modules/CheckFunctionExists.c
Linking C executable cmTC_49d08
/usr/local/Cellar/cmake/3.9.1/bin/cmake -E cmake_link_script CMakeFiles/cmTC_49d08.dir/link.txt --verbose=1
/Applications/Xcode.app/Contents/Developer/Toolchains/XcodeDefault.xctoolchain/usr/bin/cc -fomit-frame-pointer -funroll-loops  -ffast-math -Ofast -fno-signed-zeros -ffp-contract=fast -mmmx -msse -flto -DCHECK_FUNCTION_EXISTS=EnumProcessModules -isysroot /Applications/Xcode.app/Contents/Developer/Platforms/MacOSX.platform/Developer/SDKs/MacOSX10.12.sdk -mmacosx-version-min=10.12.6 -Wl,-search_paths_first -Wl,-headerpad_max_install_names -L/usr/local/opt/openblas/lib -L/usr/local/opt/llvm/lib -L/usr/local/opt/readline/lib -L/usr/local/opt/openssl@1.1/lib  CMakeFiles/cmTC_49d08.dir/CheckFunctionExists.c.o  -o cmTC_49d08 -lpsapi 
ld: library not found for -lpsapi
clang: error: linker command failed with exit code 1 (use -v to see invocation)
gmake[1]: *** [CMakeFiles/cmTC_49d08.dir/build.make:98: cmTC_49d08] Error 1
gmake[1]: Leaving directory '/Volumes/data/WorkSpace/py/tf_server/tensorflow/opencl/openmp/CMakeFiles/CMakeTmp'
gmake: *** [Makefile:126: cmTC_49d08/fast] Error 2


Performing C SOURCE FILE Test LIBOMP_HAVE_MMIC_FLAG failed with the following output:
Change Dir: /Users/dojo/openmp/CMakeFiles/CMakeTmp

Run Build Command:"/usr/local/bin/gmake" "cmTC_6f028/fast"
/usr/local/bin/gmake -f CMakeFiles/cmTC_6f028.dir/build.make CMakeFiles/cmTC_6f028.dir/build
gmake[1]: Entering directory '/Users/dojo/openmp/CMakeFiles/CMakeTmp'
Building C object CMakeFiles/cmTC_6f028.dir/src.c.o
/usr/local/bin/mpicc   -fomit-frame-pointer -funroll-loops  -ffast-math -Ofast -fno-signed-zeros -ffp-contract=fast -mmmx -msse -flto -maes -march=native -DLIBOMP_HAVE_MMIC_FLAG -mmic -isysroot /Applications/Xcode.app/Contents/Developer/Platforms/MacOSX.platform/Developer/SDKs/MacOSX10.13.sdk -mmacosx-version-min=10.13   -mmic -o CMakeFiles/cmTC_6f028.dir/src.c.o   -c /Users/dojo/openmp/CMakeFiles/CMakeTmp/src.c
clang-5.0: error: unknown argument: '-mmic'
clang-5.0: error: unknown argument: '-mmic'
gmake[1]: *** [CMakeFiles/cmTC_6f028.dir/build.make:66: CMakeFiles/cmTC_6f028.dir/src.c.o] Error 1
gmake[1]: Leaving directory '/Users/dojo/openmp/CMakeFiles/CMakeTmp'
gmake: *** [Makefile:126: cmTC_6f028/fast] Error 2

Source file was:
int main(void) { return 0; }
Performing C SOURCE FILE Test LIBOMP_HAVE_M32_FLAG failed with the following output:
Change Dir: /Users/dojo/openmp/CMakeFiles/CMakeTmp

Run Build Command:"/usr/local/bin/gmake" "cmTC_b1a58/fast"
/usr/local/bin/gmake -f CMakeFiles/cmTC_b1a58.dir/build.make CMakeFiles/cmTC_b1a58.dir/build
gmake[1]: Entering directory '/Users/dojo/openmp/CMakeFiles/CMakeTmp'
Building C object CMakeFiles/cmTC_b1a58.dir/src.c.o
/usr/local/bin/mpicc   -fomit-frame-pointer -funroll-loops  -ffast-math -Ofast -fno-signed-zeros -ffp-contract=fast -mmmx -msse -flto -maes -march=native -DLIBOMP_HAVE_M32_FLAG -m32 -isysroot /Applications/Xcode.app/Contents/Developer/Platforms/MacOSX.platform/Developer/SDKs/MacOSX10.13.sdk -mmacosx-version-min=10.13   -m32 -o CMakeFiles/cmTC_b1a58.dir/src.c.o   -c /Users/dojo/openmp/CMakeFiles/CMakeTmp/src.c
Linking C executable cmTC_b1a58
/usr/local/Cellar/cmake/3.9.2/bin/cmake -E cmake_link_script CMakeFiles/cmTC_b1a58.dir/link.txt --verbose=1
/usr/local/bin/mpicc -fomit-frame-pointer -funroll-loops  -ffast-math -Ofast -fno-signed-zeros -ffp-contract=fast -mmmx -msse -flto -maes -march=native -DLIBOMP_HAVE_M32_FLAG -m32 -isysroot /Applications/Xcode.app/Contents/Developer/Platforms/MacOSX.platform/Developer/SDKs/MacOSX10.13.sdk -mmacosx-version-min=10.13 -Wl,-search_paths_first -Wl,-headerpad_max_install_names -L/usr/local/opt/opencl/lib -L/usr/local/opt/valgrind/lib -L/usr/local/opt/suite-sparse/lib -L/usr/local/opt/tbb/lib -L/usr/local/opt/grt/lib -L/usr/local/opt/bison/lib -L/usr/local/opt/gettext/lib -L/usr/local/opt/zlib/lib -L/usr/local/opt/openblas/lib -L/usr/local/opt/openssl@1.1/lib -L/usr/local/opt/sqlite/lib -L/usr/local/opt/readline/lib -L/usr/local/opt/lapack/lib -L/usr/local/opt/open-mpi/lib -L/usr/local/opt/binutils/lib -L/usr/local/opt/boost-python/lib -L/usr/local/opt/boost-mpi/lib -L/usr/local/opt/boost/lib -L/usr/local/opt/llvm/lib -L/opt/X11/lib -L/usr/local/Cellar/gcc/7.2.0/lib/gcc/7  -L/usr/local/cuda/lib -L/usr/local/cuda/nvvm/lib  CMakeFiles/cmTC_b1a58.dir/src.c.o  -o cmTC_b1a58 
ld: warning: directory not found for option '-L/usr/local/opt/opencl/lib'
ld: warning: ignoring file /usr/local/opt/open-mpi/lib/libmpi.dylib, file was built for x86_64 which is not the architecture being linked (i386): /usr/local/opt/open-mpi/lib/libmpi.dylib
ld: in '/usr/local/opt/llvm/lib/libunwind.dylib', file was built for x86_64 which is not the architecture being linked (i386): /usr/local/opt/llvm/lib/libunwind.dylib for architecture i386
clang-5.0: error: linker command failed with exit code 1 (use -v to see invocation)
gmake[1]: *** [CMakeFiles/cmTC_b1a58.dir/build.make:98: cmTC_b1a58] Error 1
gmake[1]: Leaving directory '/Users/dojo/openmp/CMakeFiles/CMakeTmp'
gmake: *** [Makefile:126: cmTC_b1a58/fast] Error 2

Source file was:
int main(void) { return 0; }
Performing C SOURCE FILE Test LIBOMP_HAVE_VERSION_SYMBOLS failed with the following output:
Change Dir: /Users/dojo/openmp/CMakeFiles/CMakeTmp

Run Build Command:"/usr/local/bin/gmake" "cmTC_e06b4/fast"
/usr/local/bin/gmake -f CMakeFiles/cmTC_e06b4.dir/build.make CMakeFiles/cmTC_e06b4.dir/build
gmake[1]: Entering directory '/Users/dojo/openmp/CMakeFiles/CMakeTmp'
Building C object CMakeFiles/cmTC_e06b4.dir/src.c.o
/usr/local/bin/mpicc   -fomit-frame-pointer -funroll-loops  -ffast-math -Ofast -fno-signed-zeros -ffp-contract=fast -mmmx -msse -flto -maes -march=native -DLIBOMP_HAVE_VERSION_SYMBOLS -Wl,--version-script=/Users/dojo/openmp/runtime/__version_script.txt -isysroot /Applications/Xcode.app/Contents/Developer/Platforms/MacOSX.platform/Developer/SDKs/MacOSX10.13.sdk -mmacosx-version-min=10.13   -o CMakeFiles/cmTC_e06b4.dir/src.c.o   -c /Users/dojo/openmp/CMakeFiles/CMakeTmp/src.c
clang-5.0: warning: -Wl,--version-script=/Users/dojo/openmp/runtime/__version_script.txt: 'linker' input unused [-Wunused-command-line-argument]
error: unknown directive
.symver func1, func@VER1
^
error: unknown directive
.symver func2, func@VER2
^
Linking C executable cmTC_e06b4
/usr/local/Cellar/cmake/3.9.2/bin/cmake -E cmake_link_script CMakeFiles/cmTC_e06b4.dir/link.txt --verbose=1
/usr/local/bin/mpicc -fomit-frame-pointer -funroll-loops  -ffast-math -Ofast -fno-signed-zeros -ffp-contract=fast -mmmx -msse -flto -maes -march=native -DLIBOMP_HAVE_VERSION_SYMBOLS -Wl,--version-script=/Users/dojo/openmp/runtime/__version_script.txt -isysroot /Applications/Xcode.app/Contents/Developer/Platforms/MacOSX.platform/Developer/SDKs/MacOSX10.13.sdk -mmacosx-version-min=10.13 -Wl,-search_paths_first -Wl,-headerpad_max_install_names -L/usr/local/opt/opencl/lib -L/usr/local/opt/valgrind/lib -L/usr/local/opt/suite-sparse/lib -L/usr/local/opt/tbb/lib -L/usr/local/opt/grt/lib -L/usr/local/opt/bison/lib -L/usr/local/opt/gettext/lib -L/usr/local/opt/zlib/lib -L/usr/local/opt/openblas/lib -L/usr/local/opt/openssl@1.1/lib -L/usr/local/opt/sqlite/lib -L/usr/local/opt/readline/lib -L/usr/local/opt/lapack/lib -L/usr/local/opt/open-mpi/lib -L/usr/local/opt/binutils/lib -L/usr/local/opt/boost-python/lib -L/usr/local/opt/boost-mpi/lib -L/usr/local/opt/boost/lib -L/usr/local/opt/llvm/lib -L/opt/X11/lib -L/usr/local/Cellar/gcc/7.2.0/lib/gcc/7  -L/usr/local/cuda/lib -L/usr/local/cuda/nvvm/lib  CMakeFiles/cmTC_e06b4.dir/src.c.o  -o cmTC_e06b4 
ld: warning: directory not found for option '-L/usr/local/opt/opencl/lib'
ld: unknown option: --version-script=/Users/dojo/openmp/runtime/__version_script.txt
clang-5.0: error: linker command failed with exit code 1 (use -v to see invocation)
gmake[1]: *** [CMakeFiles/cmTC_e06b4.dir/build.make:98: cmTC_e06b4] Error 1
gmake[1]: Leaving directory '/Users/dojo/openmp/CMakeFiles/CMakeTmp'
gmake: *** [Makefile:126: cmTC_e06b4/fast] Error 2

Source file was:
#include <stdio.h>
    void func1() { printf("Hello"); }
    void func2() { printf("World"); }
    __asm__(".symver func1, func@VER1");
    __asm__(".symver func2, func@VER2");
    int main() {
      func1();
      func2();
      return 0;
    }
Determining if files windows.h;psapi.h exist failed with the following output:
Change Dir: /Users/dojo/openmp/CMakeFiles/CMakeTmp

Run Build Command:"/usr/local/bin/gmake" "cmTC_501b0/fast"
/usr/local/bin/gmake -f CMakeFiles/cmTC_501b0.dir/build.make CMakeFiles/cmTC_501b0.dir/build
gmake[1]: Entering directory '/Users/dojo/openmp/CMakeFiles/CMakeTmp'
Building C object CMakeFiles/cmTC_501b0.dir/CheckIncludeFiles.c.o
/usr/local/bin/mpicc   -fomit-frame-pointer -funroll-loops  -ffast-math -Ofast -fno-signed-zeros -ffp-contract=fast -mmmx -msse -flto -maes -march=native  -isysroot /Applications/Xcode.app/Contents/Developer/Platforms/MacOSX.platform/Developer/SDKs/MacOSX10.13.sdk -mmacosx-version-min=10.13   -o CMakeFiles/cmTC_501b0.dir/CheckIncludeFiles.c.o   -c /Users/dojo/openmp/CMakeFiles/CMakeTmp/CheckIncludeFiles.c
/Users/dojo/openmp/CMakeFiles/CMakeTmp/CheckIncludeFiles.c:2:10: fatal error: 'windows.h' file not found
#include <windows.h>
         ^~~~~~~~~~~
1 error generated.
gmake[1]: *** [CMakeFiles/cmTC_501b0.dir/build.make:66: CMakeFiles/cmTC_501b0.dir/CheckIncludeFiles.c.o] Error 1
gmake[1]: Leaving directory '/Users/dojo/openmp/CMakeFiles/CMakeTmp'
gmake: *** [Makefile:126: cmTC_501b0/fast] Error 2

Source:
/* */
#include <windows.h>
#include <psapi.h>


int main(void){return 0;}

Determining if the function EnumProcessModules exists in the psapi failed with the following output:
Change Dir: /Users/dojo/openmp/CMakeFiles/CMakeTmp

Run Build Command:"/usr/local/bin/gmake" "cmTC_dcbfd/fast"
/usr/local/bin/gmake -f CMakeFiles/cmTC_dcbfd.dir/build.make CMakeFiles/cmTC_dcbfd.dir/build
gmake[1]: Entering directory '/Users/dojo/openmp/CMakeFiles/CMakeTmp'
Building C object CMakeFiles/cmTC_dcbfd.dir/CheckFunctionExists.c.o
/usr/local/bin/mpicc   -fomit-frame-pointer -funroll-loops  -ffast-math -Ofast -fno-signed-zeros -ffp-contract=fast -mmmx -msse -flto -maes -march=native -DCHECK_FUNCTION_EXISTS=EnumProcessModules -isysroot /Applications/Xcode.app/Contents/Developer/Platforms/MacOSX.platform/Developer/SDKs/MacOSX10.13.sdk -mmacosx-version-min=10.13   -o CMakeFiles/cmTC_dcbfd.dir/CheckFunctionExists.c.o   -c /usr/local/Cellar/cmake/3.9.2/share/cmake/Modules/CheckFunctionExists.c
Linking C executable cmTC_dcbfd
/usr/local/Cellar/cmake/3.9.2/bin/cmake -E cmake_link_script CMakeFiles/cmTC_dcbfd.dir/link.txt --verbose=1
/usr/local/bin/mpicc -fomit-frame-pointer -funroll-loops  -ffast-math -Ofast -fno-signed-zeros -ffp-contract=fast -mmmx -msse -flto -maes -march=native -DCHECK_FUNCTION_EXISTS=EnumProcessModules -isysroot /Applications/Xcode.app/Contents/Developer/Platforms/MacOSX.platform/Developer/SDKs/MacOSX10.13.sdk -mmacosx-version-min=10.13 -Wl,-search_paths_first -Wl,-headerpad_max_install_names -L/usr/local/opt/opencl/lib -L/usr/local/opt/valgrind/lib -L/usr/local/opt/suite-sparse/lib -L/usr/local/opt/tbb/lib -L/usr/local/opt/grt/lib -L/usr/local/opt/bison/lib -L/usr/local/opt/gettext/lib -L/usr/local/opt/zlib/lib -L/usr/local/opt/openblas/lib -L/usr/local/opt/openssl@1.1/lib -L/usr/local/opt/sqlite/lib -L/usr/local/opt/readline/lib -L/usr/local/opt/lapack/lib -L/usr/local/opt/open-mpi/lib -L/usr/local/opt/binutils/lib -L/usr/local/opt/boost-python/lib -L/usr/local/opt/boost-mpi/lib -L/usr/local/opt/boost/lib -L/usr/local/opt/llvm/lib -L/opt/X11/lib -L/usr/local/Cellar/gcc/7.2.0/lib/gcc/7  -L/usr/local/cuda/lib -L/usr/local/cuda/nvvm/lib  CMakeFiles/cmTC_dcbfd.dir/CheckFunctionExists.c.o  -o cmTC_dcbfd -lpsapi 
ld: warning: directory not found for option '-L/usr/local/opt/opencl/lib'
ld: library not found for -lpsapi
clang-5.0: error: linker command failed with exit code 1 (use -v to see invocation)
gmake[1]: *** [CMakeFiles/cmTC_dcbfd.dir/build.make:98: cmTC_dcbfd] Error 1
gmake[1]: Leaving directory '/Users/dojo/openmp/CMakeFiles/CMakeTmp'
gmake: *** [Makefile:126: cmTC_dcbfd/fast] Error 2


