Performing C SOURCE FILE Test LIBOMP_HAVE_MMIC_FLAG failed with the following output:
Change Dir: /Users/dojo/lab/openmp/build/CMakeFiles/CMakeTmp

Run Build Command:"/usr/bin/xcodebuild" "-project" "CMAKE_TRY_COMPILE.xcodeproj" "build" "-target" "cmTC_06391" "-configuration" "Debug"
2017-06-16 12:33:19.805 xcodebuild[15898:2586643]  DVTSigningCertificateSource: SecItemCopyMatching returned -25300
=== BUILD TARGET cmTC_06391 OF PROJECT CMAKE_TRY_COMPILE WITH CONFIGURATION Debug ===

Check dependencies

Write auxiliary files
/bin/mkdir -p /Users/dojo/lab/openmp/build/CMakeFiles/CMakeTmp/CMAKE_TRY_COMPILE.build/Debug/cmTC_06391.build/Objects-normal/x86_64
write-file /Users/dojo/lab/openmp/build/CMakeFiles/CMakeTmp/CMAKE_TRY_COMPILE.build/Debug/cmTC_06391.build/Objects-normal/x86_64/cmTC_06391.LinkFileList

CompileC CMAKE_TRY_COMPILE.build/Debug/cmTC_06391.build/Objects-normal/x86_64/src.o src.c normal x86_64 c com.apple.compilers.llvm.clang.1_0.compiler
    cd /Users/dojo/lab/openmp/build/CMakeFiles/CMakeTmp
    export LANG=en_US.US-ASCII
    /Applications/Xcode.app/Contents/Developer/Toolchains/XcodeDefault.xctoolchain/usr/bin/cc -x c -arch x86_64 -fmessage-length=0 -fdiagnostics-show-note-include-stack -fmacro-backtrace-limit=0 -Wno-trigraphs -fpascal-strings -Ofast -Wno-missing-field-initializers -Wno-missing-prototypes -Wno-return-type -Wno-missing-braces -Wparentheses -Wswitch -Wno-unused-function -Wno-unused-label -Wno-unused-parameter -Wno-unused-variable -Wunused-value -Wno-empty-body -Wno-uninitialized -Wno-unknown-pragmas -Wno-shadow -Wno-four-char-constants -Wno-conversion -Wno-constant-conversion -Wno-int-conversion -Wno-bool-conversion -Wno-enum-conversion -Wno-non-literal-null-conversion -Wno-objc-literal-conversion -Wno-shorten-64-to-32 -Wpointer-sign -Wno-newline-eof -DCMAKE_INTDIR=\"Debug\" -isysroot /Applications/Xcode.app/Contents/Developer/Platforms/MacOSX.platform/Developer/SDKs/MacOSX10.13.sdk -fasm-blocks -fstrict-aliasing -Wdeprecated-declarations -mmacosx-version-min=10.13 -g -Wno-sign-conversion -Wno-infinite-recursion -Wno-comma -Wno-block-capture-autoreleasing -Wno-strict-prototypes -I/Users/dojo/lab/openmp/build/CMakeFiles/CMakeTmp/Debug/include -I/Users/dojo/lab/openmp/build/CMakeFiles/CMakeTmp/CMAKE_TRY_COMPILE.build/Debug/cmTC_06391.build/DerivedSources/x86_64 -I/Users/dojo/lab/openmp/build/CMakeFiles/CMakeTmp/CMAKE_TRY_COMPILE.build/Debug/cmTC_06391.build/DerivedSources -Wmost -Wno-four-char-constants -Wno-unknown-pragmas -F/Users/dojo/lab/openmp/build/CMakeFiles/CMakeTmp/Debug -fomit-frame-pointer -ffast-math -fno-signed-zeros -m32 -mmmx -msse -ffp-contract=fast -funroll-loops -DLIBOMP_HAVE_MMIC_FLAG -mmic -mmic -MMD -MT dependencies -MF /Users/dojo/lab/openmp/build/CMakeFiles/CMakeTmp/CMAKE_TRY_COMPILE.build/Debug/cmTC_06391.build/Objects-normal/x86_64/src.d --serialize-diagnostics /Users/dojo/lab/openmp/build/CMakeFiles/CMakeTmp/CMAKE_TRY_COMPILE.build/Debug/cmTC_06391.build/Objects-normal/x86_64/src.dia -c /Users/dojo/lab/openmp/build/CMakeFiles/CMakeTmp/src.c -o /Users/dojo/lab/openmp/build/CMakeFiles/CMakeTmp/CMAKE_TRY_COMPILE.build/Debug/cmTC_06391.build/Objects-normal/x86_64/src.o
clang: error: unknown argument: '-mmic'
clang: error: unknown argument: '-mmic'

** BUILD FAILED **


The following build commands failed:
	CompileC CMAKE_TRY_COMPILE.build/Debug/cmTC_06391.build/Objects-normal/x86_64/src.o src.c normal x86_64 c com.apple.compilers.llvm.clang.1_0.compiler
(1 failure)

Source file was:
int main(void) { return 0; }
Performing C SOURCE FILE Test LIBOMP_HAVE_VERSION_SYMBOLS failed with the following output:
Change Dir: /Users/dojo/lab/openmp/build/CMakeFiles/CMakeTmp

Run Build Command:"/usr/bin/xcodebuild" "-project" "CMAKE_TRY_COMPILE.xcodeproj" "build" "-target" "cmTC_e2f20" "-configuration" "Debug"
2017-06-16 12:33:38.786 xcodebuild[16480:2588604]  DVTSigningCertificateSource: SecItemCopyMatching returned -25300
=== BUILD TARGET cmTC_e2f20 OF PROJECT CMAKE_TRY_COMPILE WITH CONFIGURATION Debug ===

Check dependencies

Write auxiliary files
/bin/mkdir -p /Users/dojo/lab/openmp/build/CMakeFiles/CMakeTmp/CMAKE_TRY_COMPILE.build/Debug/cmTC_e2f20.build/Objects-normal/x86_64
write-file /Users/dojo/lab/openmp/build/CMakeFiles/CMakeTmp/CMAKE_TRY_COMPILE.build/Debug/cmTC_e2f20.build/Objects-normal/x86_64/cmTC_e2f20.LinkFileList

CompileC CMAKE_TRY_COMPILE.build/Debug/cmTC_e2f20.build/Objects-normal/x86_64/src.o src.c normal x86_64 c com.apple.compilers.llvm.clang.1_0.compiler
    cd /Users/dojo/lab/openmp/build/CMakeFiles/CMakeTmp
    export LANG=en_US.US-ASCII
    /Applications/Xcode.app/Contents/Developer/Toolchains/XcodeDefault.xctoolchain/usr/bin/cc -x c -arch x86_64 -fmessage-length=0 -fdiagnostics-show-note-include-stack -fmacro-backtrace-limit=0 -Wno-trigraphs -fpascal-strings -Ofast -Wno-missing-field-initializers -Wno-missing-prototypes -Wno-return-type -Wno-missing-braces -Wparentheses -Wswitch -Wno-unused-function -Wno-unused-label -Wno-unused-parameter -Wno-unused-variable -Wunused-value -Wno-empty-body -Wno-uninitialized -Wno-unknown-pragmas -Wno-shadow -Wno-four-char-constants -Wno-conversion -Wno-constant-conversion -Wno-int-conversion -Wno-bool-conversion -Wno-enum-conversion -Wno-non-literal-null-conversion -Wno-objc-literal-conversion -Wno-shorten-64-to-32 -Wpointer-sign -Wno-newline-eof -DCMAKE_INTDIR=\"Debug\" -isysroot /Applications/Xcode.app/Contents/Developer/Platforms/MacOSX.platform/Developer/SDKs/MacOSX10.13.sdk -fasm-blocks -fstrict-aliasing -Wdeprecated-declarations -mmacosx-version-min=10.13 -g -Wno-sign-conversion -Wno-infinite-recursion -Wno-comma -Wno-block-capture-autoreleasing -Wno-strict-prototypes -I/Users/dojo/lab/openmp/build/CMakeFiles/CMakeTmp/Debug/include -I/Users/dojo/lab/openmp/build/CMakeFiles/CMakeTmp/CMAKE_TRY_COMPILE.build/Debug/cmTC_e2f20.build/DerivedSources/x86_64 -I/Users/dojo/lab/openmp/build/CMakeFiles/CMakeTmp/CMAKE_TRY_COMPILE.build/Debug/cmTC_e2f20.build/DerivedSources -Wmost -Wno-four-char-constants -Wno-unknown-pragmas -F/Users/dojo/lab/openmp/build/CMakeFiles/CMakeTmp/Debug -fomit-frame-pointer -ffast-math -fno-signed-zeros -m32 -mmmx -msse -ffp-contract=fast -funroll-loops -DLIBOMP_HAVE_VERSION_SYMBOLS -Wl,--version-script=/Users/dojo/lab/openmp/build/runtime/__version_script.txt -MMD -MT dependencies -MF /Users/dojo/lab/openmp/build/CMakeFiles/CMakeTmp/CMAKE_TRY_COMPILE.build/Debug/cmTC_e2f20.build/Objects-normal/x86_64/src.d --serialize-diagnostics /Users/dojo/lab/openmp/build/CMakeFiles/CMakeTmp/CMAKE_TRY_COMPILE.build/Debug/cmTC_e2f20.build/Objects-normal/x86_64/src.dia -c /Users/dojo/lab/openmp/build/CMakeFiles/CMakeTmp/src.c -o /Users/dojo/lab/openmp/build/CMakeFiles/CMakeTmp/CMAKE_TRY_COMPILE.build/Debug/cmTC_e2f20.build/Objects-normal/x86_64/src.o
clang: warning: -Wl,--version-script=/Users/dojo/lab/openmp/build/runtime/__version_script.txt: 'linker' input unused [-Wunused-command-line-argument]
<inline asm>:1:1: error: unknown directive
.symver func1, func@VER1
^
<inline asm>:2:1: error: unknown directive
.symver func2, func@VER2
^
2 errors generated.

** BUILD FAILED **


The following build commands failed:
	CompileC CMAKE_TRY_COMPILE.build/Debug/cmTC_e2f20.build/Objects-normal/x86_64/src.o src.c normal x86_64 c com.apple.compilers.llvm.clang.1_0.compiler
(1 failure)

Source file was:
#include <stdio.h>
    void func1() { printf("Hello"); }
    void func2() { printf("World"); }
    __asm__(".symver func1, func@VER1");
    __asm__(".symver func2, func@VER2");
    int main() {
      func1();
      func2();
      return 0;
    }
Determining if files windows.h;psapi.h exist failed with the following output:
Change Dir: /Users/dojo/lab/openmp/build/CMakeFiles/CMakeTmp

Run Build Command:"/usr/bin/xcodebuild" "-project" "CMAKE_TRY_COMPILE.xcodeproj" "build" "-target" "cmTC_0b7c9" "-configuration" "Debug"
2017-06-16 12:33:53.356 xcodebuild[16775:2590109]  DVTSigningCertificateSource: SecItemCopyMatching returned -25300
=== BUILD TARGET cmTC_0b7c9 OF PROJECT CMAKE_TRY_COMPILE WITH CONFIGURATION Debug ===

Check dependencies

Write auxiliary files
/bin/mkdir -p /Users/dojo/lab/openmp/build/CMakeFiles/CMakeTmp/CMAKE_TRY_COMPILE.build/Debug/cmTC_0b7c9.build/Objects-normal/x86_64
write-file /Users/dojo/lab/openmp/build/CMakeFiles/CMakeTmp/CMAKE_TRY_COMPILE.build/Debug/cmTC_0b7c9.build/Objects-normal/x86_64/cmTC_0b7c9.LinkFileList

CompileC CMAKE_TRY_COMPILE.build/Debug/cmTC_0b7c9.build/Objects-normal/x86_64/CheckIncludeFiles.o CheckIncludeFiles.c normal x86_64 c com.apple.compilers.llvm.clang.1_0.compiler
    cd /Users/dojo/lab/openmp/build/CMakeFiles/CMakeTmp
    export LANG=en_US.US-ASCII
    /Applications/Xcode.app/Contents/Developer/Toolchains/XcodeDefault.xctoolchain/usr/bin/cc -x c -arch x86_64 -fmessage-length=0 -fdiagnostics-show-note-include-stack -fmacro-backtrace-limit=0 -Wno-trigraphs -fpascal-strings -Ofast -Wno-missing-field-initializers -Wno-missing-prototypes -Wno-return-type -Wno-missing-braces -Wparentheses -Wswitch -Wno-unused-function -Wno-unused-label -Wno-unused-parameter -Wno-unused-variable -Wunused-value -Wno-empty-body -Wno-uninitialized -Wno-unknown-pragmas -Wno-shadow -Wno-four-char-constants -Wno-conversion -Wno-constant-conversion -Wno-int-conversion -Wno-bool-conversion -Wno-enum-conversion -Wno-non-literal-null-conversion -Wno-objc-literal-conversion -Wno-shorten-64-to-32 -Wpointer-sign -Wno-newline-eof -DCMAKE_INTDIR=\"Debug\" -isysroot /Applications/Xcode.app/Contents/Developer/Platforms/MacOSX.platform/Developer/SDKs/MacOSX10.13.sdk -fasm-blocks -fstrict-aliasing -Wdeprecated-declarations -mmacosx-version-min=10.13 -g -Wno-sign-conversion -Wno-infinite-recursion -Wno-comma -Wno-block-capture-autoreleasing -Wno-strict-prototypes -I/Users/dojo/lab/openmp/build/CMakeFiles/CMakeTmp/Debug/include -I/Users/dojo/lab/openmp/build/CMakeFiles/CMakeTmp/CMAKE_TRY_COMPILE.build/Debug/cmTC_0b7c9.build/DerivedSources/x86_64 -I/Users/dojo/lab/openmp/build/CMakeFiles/CMakeTmp/CMAKE_TRY_COMPILE.build/Debug/cmTC_0b7c9.build/DerivedSources -Wmost -Wno-four-char-constants -Wno-unknown-pragmas -F/Users/dojo/lab/openmp/build/CMakeFiles/CMakeTmp/Debug -fomit-frame-pointer -ffast-math -fno-signed-zeros -m32 -mmmx -msse -ffp-contract=fast -funroll-loops -MMD -MT dependencies -MF /Users/dojo/lab/openmp/build/CMakeFiles/CMakeTmp/CMAKE_TRY_COMPILE.build/Debug/cmTC_0b7c9.build/Objects-normal/x86_64/CheckIncludeFiles.d --serialize-diagnostics /Users/dojo/lab/openmp/build/CMakeFiles/CMakeTmp/CMAKE_TRY_COMPILE.build/Debug/cmTC_0b7c9.build/Objects-normal/x86_64/CheckIncludeFiles.dia -c /Users/dojo/lab/openmp/build/CMakeFiles/CMakeTmp/CheckIncludeFiles.c -o /Users/dojo/lab/openmp/build/CMakeFiles/CMakeTmp/CMAKE_TRY_COMPILE.build/Debug/cmTC_0b7c9.build/Objects-normal/x86_64/CheckIncludeFiles.o
/Users/dojo/lab/openmp/build/CMakeFiles/CMakeTmp/CheckIncludeFiles.c:2:10: fatal error: 'windows.h' file not found
#include <windows.h>
         ^~~~~~~~~~~
1 error generated.

** BUILD FAILED **


The following build commands failed:
	CompileC CMAKE_TRY_COMPILE.build/Debug/cmTC_0b7c9.build/Objects-normal/x86_64/CheckIncludeFiles.o CheckIncludeFiles.c normal x86_64 c com.apple.compilers.llvm.clang.1_0.compiler
(1 failure)

Source:
/* */
#include <windows.h>
#include <psapi.h>


int main(void){return 0;}

Determining if the function EnumProcessModules exists in the psapi failed with the following output:
Change Dir: /Users/dojo/lab/openmp/build/CMakeFiles/CMakeTmp

Run Build Command:"/usr/bin/xcodebuild" "-project" "CMAKE_TRY_COMPILE.xcodeproj" "build" "-target" "cmTC_0d212" "-configuration" "Debug"
2017-06-16 12:33:58.617 xcodebuild[16838:2590457]  DVTSigningCertificateSource: SecItemCopyMatching returned -25300
=== BUILD TARGET cmTC_0d212 OF PROJECT CMAKE_TRY_COMPILE WITH CONFIGURATION Debug ===

Check dependencies

Write auxiliary files
/bin/mkdir -p /Users/dojo/lab/openmp/build/CMakeFiles/CMakeTmp/CMAKE_TRY_COMPILE.build/Debug/cmTC_0d212.build/Objects-normal/x86_64
write-file /Users/dojo/lab/openmp/build/CMakeFiles/CMakeTmp/CMAKE_TRY_COMPILE.build/Debug/cmTC_0d212.build/Objects-normal/x86_64/cmTC_0d212.LinkFileList

CompileC CMAKE_TRY_COMPILE.build/Debug/cmTC_0d212.build/Objects-normal/x86_64/CheckFunctionExists.o /usr/local/Cellar/cmake/3.8.2/share/cmake/Modules/CheckFunctionExists.c normal x86_64 c com.apple.compilers.llvm.clang.1_0.compiler
    cd /Users/dojo/lab/openmp/build/CMakeFiles/CMakeTmp
    export LANG=en_US.US-ASCII
    /Applications/Xcode.app/Contents/Developer/Toolchains/XcodeDefault.xctoolchain/usr/bin/cc -x c -arch x86_64 -fmessage-length=0 -fdiagnostics-show-note-include-stack -fmacro-backtrace-limit=0 -Wno-trigraphs -fpascal-strings -Ofast -Wno-missing-field-initializers -Wno-missing-prototypes -Wno-return-type -Wno-missing-braces -Wparentheses -Wswitch -Wno-unused-function -Wno-unused-label -Wno-unused-parameter -Wno-unused-variable -Wunused-value -Wno-empty-body -Wno-uninitialized -Wno-unknown-pragmas -Wno-shadow -Wno-four-char-constants -Wno-conversion -Wno-constant-conversion -Wno-int-conversion -Wno-bool-conversion -Wno-enum-conversion -Wno-non-literal-null-conversion -Wno-objc-literal-conversion -Wno-shorten-64-to-32 -Wpointer-sign -Wno-newline-eof -DCMAKE_INTDIR=\"Debug\" -isysroot /Applications/Xcode.app/Contents/Developer/Platforms/MacOSX.platform/Developer/SDKs/MacOSX10.13.sdk -fasm-blocks -fstrict-aliasing -Wdeprecated-declarations -mmacosx-version-min=10.13 -g -Wno-sign-conversion -Wno-infinite-recursion -Wno-comma -Wno-block-capture-autoreleasing -Wno-strict-prototypes -I/Users/dojo/lab/openmp/build/CMakeFiles/CMakeTmp/Debug/include -I/Users/dojo/lab/openmp/build/CMakeFiles/CMakeTmp/CMAKE_TRY_COMPILE.build/Debug/cmTC_0d212.build/DerivedSources/x86_64 -I/Users/dojo/lab/openmp/build/CMakeFiles/CMakeTmp/CMAKE_TRY_COMPILE.build/Debug/cmTC_0d212.build/DerivedSources -Wmost -Wno-four-char-constants -Wno-unknown-pragmas -F/Users/dojo/lab/openmp/build/CMakeFiles/CMakeTmp/Debug -fomit-frame-pointer -ffast-math -fno-signed-zeros -m32 -mmmx -msse -ffp-contract=fast -funroll-loops -DCHECK_FUNCTION_EXISTS=EnumProcessModules -MMD -MT dependencies -MF /Users/dojo/lab/openmp/build/CMakeFiles/CMakeTmp/CMAKE_TRY_COMPILE.build/Debug/cmTC_0d212.build/Objects-normal/x86_64/CheckFunctionExists.d --serialize-diagnostics /Users/dojo/lab/openmp/build/CMakeFiles/CMakeTmp/CMAKE_TRY_COMPILE.build/Debug/cmTC_0d212.build/Objects-normal/x86_64/CheckFunctionExists.dia -c /usr/local/Cellar/cmake/3.8.2/share/cmake/Modules/CheckFunctionExists.c -o /Users/dojo/lab/openmp/build/CMakeFiles/CMakeTmp/CMAKE_TRY_COMPILE.build/Debug/cmTC_0d212.build/Objects-normal/x86_64/CheckFunctionExists.o

Ld Debug/cmTC_0d212 normal x86_64
    cd /Users/dojo/lab/openmp/build/CMakeFiles/CMakeTmp
    export MACOSX_DEPLOYMENT_TARGET=10.13
    /Applications/Xcode.app/Contents/Developer/Toolchains/XcodeDefault.xctoolchain/usr/bin/cc -arch x86_64 -isysroot /Applications/Xcode.app/Contents/Developer/Platforms/MacOSX.platform/Developer/SDKs/MacOSX10.13.sdk -L/Users/dojo/lab/openmp/build/CMakeFiles/CMakeTmp/Debug -F/Users/dojo/lab/openmp/build/CMakeFiles/CMakeTmp/Debug -filelist /Users/dojo/lab/openmp/build/CMakeFiles/CMakeTmp/CMAKE_TRY_COMPILE.build/Debug/cmTC_0d212.build/Objects-normal/x86_64/cmTC_0d212.LinkFileList -mmacosx-version-min=10.13 -Xlinker -object_path_lto -Xlinker /Users/dojo/lab/openmp/build/CMakeFiles/CMakeTmp/CMAKE_TRY_COMPILE.build/Debug/cmTC_0d212.build/Objects-normal/x86_64/cmTC_0d212_lto.o -L/usr/local/opt/valgrind/lib -L/usr/local/opt/llvm/lib -Wl,-rpath,/usr/local/opt/llvm/lib -L/usr/local/opt/openblas/lib -L/usr/local/opt/qt/lib -L/usr/local/lib -L/usr/local/opt/e2fsprogs/lib -L/usr/local/opt/opencv3/lib -L/usr/local/opt/bison/lib -L/usr/local/opt/readline/lib -L/usr/local/opt/gettext/lib -L/usr/local/opt/libxml2/lib -L/usr/local/opt/libpng/lib -L/usr/local/opt/zlib/lib -L/usr/local/opt/openssl@1.1/lib -Wl,-search_paths_first -Wl,-headerpad_max_install_names -lpsapi -Xlinker -dependency_info -Xlinker /Users/dojo/lab/openmp/build/CMakeFiles/CMakeTmp/CMAKE_TRY_COMPILE.build/Debug/cmTC_0d212.build/Objects-normal/x86_64/cmTC_0d212_dependency_info.dat -o /Users/dojo/lab/openmp/build/CMakeFiles/CMakeTmp/Debug/cmTC_0d212
ld: warning: directory not found for option '-L/usr/local/opt/llvm/lib'
ld: warning: directory not found for option '-L/usr/local/opt/bison/lib'
ld: library not found for -lpsapi
clang: error: linker command failed with exit code 1 (use -v to see invocation)

** BUILD FAILED **


The following build commands failed:
	Ld Debug/cmTC_0d212 normal x86_64
(1 failure)


